2025-10-14T17:03:40.973+09:00  INFO 15992 --- [asiana-clone] [main] c.a.asiana_clone.AsianaCloneApplication  : Starting AsianaCloneApplication using Java 21.0.8 with PID 15992 (E:\Study\socar-map-clone-api\asiana-clone\out\production\classes started by 유현준 in E:\Study\socar-map-clone-api\asiana-clone)
2025-10-14T17:03:40.976+09:00  INFO 15992 --- [asiana-clone] [main] c.a.asiana_clone.AsianaCloneApplication  : No active profile set, falling back to 1 default profile: "default"
2025-10-14T17:03:41.670+09:00  INFO 15992 --- [asiana-clone] [main] .s.d.r.c.RepositoryConfigurationDelegate : Bootstrapping Spring Data JDBC repositories in DEFAULT mode.
2025-10-14T17:03:41.689+09:00  INFO 15992 --- [asiana-clone] [main] .s.d.r.c.RepositoryConfigurationDelegate : Finished Spring Data repository scanning in 7 ms. Found 0 JDBC repository interfaces.
2025-10-14T17:03:41.795+09:00  WARN 15992 --- [asiana-clone] [main] o.m.s.mapper.ClassPathMapperScanner      : No MyBatis mapper was found in '[clone.asiana.asiana_clone]' package. Please check your configuration.
2025-10-14T17:03:42.174+09:00  INFO 15992 --- [asiana-clone] [main] o.s.b.w.embedded.tomcat.TomcatWebServer  : Tomcat initialized with port 8080 (http)
2025-10-14T17:03:42.190+09:00  INFO 15992 --- [asiana-clone] [main] o.apache.catalina.core.StandardService   : Starting service [Tomcat]
2025-10-14T17:03:42.190+09:00  INFO 15992 --- [asiana-clone] [main] o.apache.catalina.core.StandardEngine    : Starting Servlet engine: [Apache Tomcat/10.1.46]
2025-10-14T17:03:42.245+09:00  INFO 15992 --- [asiana-clone] [main] o.a.c.c.C.[Tomcat].[localhost].[/]       : Initializing Spring embedded WebApplicationContext
2025-10-14T17:03:42.246+09:00  INFO 15992 --- [asiana-clone] [main] w.s.c.ServletWebServerApplicationContext : Root WebApplicationContext: initialization completed in 1204 ms
2025-10-14T17:03:42.433+09:00  INFO 15992 --- [asiana-clone] [main] o.s.b.a.w.s.WelcomePageHandlerMapping    : Adding welcome page template: index
2025-10-14T17:03:42.887+09:00  INFO 15992 --- [asiana-clone] [main] com.zaxxer.hikari.HikariDataSource       : HikariPool-1 - Starting...
2025-10-14T17:03:43.052+09:00  INFO 15992 --- [asiana-clone] [main] com.zaxxer.hikari.pool.HikariPool        : HikariPool-1 - Added connection org.postgresql.jdbc.PgConnection@2f3928ac
2025-10-14T17:03:43.053+09:00  INFO 15992 --- [asiana-clone] [main] com.zaxxer.hikari.HikariDataSource       : HikariPool-1 - Start completed.
2025-10-14T17:03:43.271+09:00  INFO 15992 --- [asiana-clone] [main] o.s.b.w.embedded.tomcat.TomcatWebServer  : Tomcat started on port 8080 (http) with context path '/'
2025-10-14T17:03:43.279+09:00  INFO 15992 --- [asiana-clone] [main] c.a.asiana_clone.AsianaCloneApplication  : Started AsianaCloneApplication in 2.754 seconds (process running for 3.068)
2025-10-14T17:03:45.744+09:00  INFO 15992 --- [asiana-clone] [http-nio-8080-exec-1] o.a.c.c.C.[Tomcat].[localhost].[/]       : Initializing Spring DispatcherServlet 'dispatcherServlet'
2025-10-14T17:03:45.744+09:00  INFO 15992 --- [asiana-clone] [http-nio-8080-exec-1] o.s.web.servlet.DispatcherServlet        : Initializing Servlet 'dispatcherServlet'
2025-10-14T17:03:45.745+09:00  INFO 15992 --- [asiana-clone] [http-nio-8080-exec-1] o.s.web.servlet.DispatcherServlet        : Completed initialization in 1 ms
2025-10-14T17:03:45.789+09:00  INFO 15992 --- [asiana-clone] [http-nio-8080-exec-1] c.a.a.f.controller.FlightController      : 진입
2025-10-14T17:03:45.789+09:00  INFO 15992 --- [asiana-clone] [http-nio-8080-exec-1] c.a.a.f.controller.FlightController      : FlightRequestDto{from='', to='', departureDate=null}
2025-10-14T17:03:47.297+09:00  INFO 15992 --- [asiana-clone] [http-nio-8080-exec-2] c.a.a.f.controller.FlightController      : 진입
2025-10-14T17:03:47.297+09:00  INFO 15992 --- [asiana-clone] [http-nio-8080-exec-2] c.a.a.f.controller.FlightController      : FlightRequestDto{from='', to='', departureDate=null}
2025-10-14T17:03:47.845+09:00  INFO 15992 --- [asiana-clone] [http-nio-8080-exec-6] c.a.a.f.controller.FlightController      : 진입
2025-10-14T17:03:47.845+09:00  INFO 15992 --- [asiana-clone] [http-nio-8080-exec-6] c.a.a.f.controller.FlightController      : FlightRequestDto{from='', to='', departureDate=null}
2025-10-14T17:03:48.326+09:00  INFO 15992 --- [asiana-clone] [http-nio-8080-exec-7] c.a.a.f.controller.FlightController      : 진입
2025-10-14T17:03:48.327+09:00  INFO 15992 --- [asiana-clone] [http-nio-8080-exec-7] c.a.a.f.controller.FlightController      : FlightRequestDto{from='', to='', departureDate=null}
2025-10-14T17:03:48.492+09:00  INFO 15992 --- [asiana-clone] [http-nio-8080-exec-9] c.a.a.f.controller.FlightController      : 진입
2025-10-14T17:03:48.492+09:00  INFO 15992 --- [asiana-clone] [http-nio-8080-exec-9] c.a.a.f.controller.FlightController      : FlightRequestDto{from='', to='', departureDate=null}
2025-10-14T17:03:49.911+09:00  INFO 15992 --- [asiana-clone] [http-nio-8080-exec-1] c.a.a.f.controller.FlightController      : 진입
2025-10-14T17:03:49.911+09:00  INFO 15992 --- [asiana-clone] [http-nio-8080-exec-1] c.a.a.f.controller.FlightController      : FlightRequestDto{from='ㅁㅁ', to='ㅁㅁ', departureDate=null}
2025-10-14T17:03:52.102+09:00  INFO 15992 --- [asiana-clone] [http-nio-8080-exec-2] c.a.a.f.controller.FlightController      : 진입
2025-10-14T17:03:52.103+09:00  INFO 15992 --- [asiana-clone] [http-nio-8080-exec-2] c.a.a.f.controller.FlightController      : FlightRequestDto{from='ㅁㅁ', to='ㅁㅁ', departureDate=2025-10-09}
2025-10-14T17:04:03.494+09:00  INFO 15992 --- [asiana-clone] [http-nio-8080-exec-6] c.a.a.f.controller.FlightController      : 진입
2025-10-14T17:04:03.495+09:00  INFO 15992 --- [asiana-clone] [http-nio-8080-exec-6] c.a.a.f.controller.FlightController      : FlightRequestDto{from='ㅁㅁ', to='ㅁㅁ', departureDate=2025-10-08}
2025-10-14T17:16:41.394+09:00  INFO 15992 --- [asiana-clone] [SpringApplicationShutdownHook] o.s.b.w.e.tomcat.GracefulShutdown        : Commencing graceful shutdown. Waiting for active requests to complete
2025-10-14T17:16:41.398+09:00  INFO 15992 --- [asiana-clone] [tomcat-shutdown] o.s.b.w.e.tomcat.GracefulShutdown        : Graceful shutdown complete
2025-10-14T17:16:41.398+09:00  INFO 15992 --- [asiana-clone] [SpringApplicationShutdownHook] com.zaxxer.hikari.HikariDataSource       : HikariPool-1 - Shutdown initiated...
2025-10-14T17:16:41.398+09:00  INFO 15992 --- [asiana-clone] [SpringApplicationShutdownHook] com.zaxxer.hikari.HikariDataSource       : HikariPool-1 - Shutdown completed.
2025-10-14T17:16:44.011+09:00  INFO 10424 --- [asiana-clone] [main] c.a.asiana_clone.AsianaCloneApplication  : Starting AsianaCloneApplication using Java 21.0.8 with PID 10424 (E:\Study\socar-map-clone-api\asiana-clone\out\production\classes started by 유현준 in E:\Study\socar-map-clone-api\asiana-clone)
2025-10-14T17:16:44.011+09:00  INFO 10424 --- [asiana-clone] [main] c.a.asiana_clone.AsianaCloneApplication  : No active profile set, falling back to 1 default profile: "default"
2025-10-14T17:16:44.688+09:00  INFO 10424 --- [asiana-clone] [main] .s.d.r.c.RepositoryConfigurationDelegate : Bootstrapping Spring Data JDBC repositories in DEFAULT mode.
2025-10-14T17:16:44.700+09:00  INFO 10424 --- [asiana-clone] [main] .s.d.r.c.RepositoryConfigurationDelegate : Finished Spring Data repository scanning in 6 ms. Found 0 JDBC repository interfaces.
2025-10-14T17:16:44.797+09:00  WARN 10424 --- [asiana-clone] [main] o.m.s.mapper.ClassPathMapperScanner      : No MyBatis mapper was found in '[clone.asiana.asiana_clone]' package. Please check your configuration.
2025-10-14T17:16:45.111+09:00  INFO 10424 --- [asiana-clone] [main] o.s.b.w.embedded.tomcat.TomcatWebServer  : Tomcat initialized with port 8080 (http)
2025-10-14T17:16:45.127+09:00  INFO 10424 --- [asiana-clone] [main] o.apache.catalina.core.StandardService   : Starting service [Tomcat]
2025-10-14T17:16:45.127+09:00  INFO 10424 --- [asiana-clone] [main] o.apache.catalina.core.StandardEngine    : Starting Servlet engine: [Apache Tomcat/10.1.46]
2025-10-14T17:16:45.174+09:00  INFO 10424 --- [asiana-clone] [main] o.a.c.c.C.[Tomcat].[localhost].[/]       : Initializing Spring embedded WebApplicationContext
2025-10-14T17:16:45.174+09:00  INFO 10424 --- [asiana-clone] [main] w.s.c.ServletWebServerApplicationContext : Root WebApplicationContext: initialization completed in 1095 ms
2025-10-14T17:16:45.333+09:00  INFO 10424 --- [asiana-clone] [main] o.s.b.a.w.s.WelcomePageHandlerMapping    : Adding welcome page template: index
2025-10-14T17:16:45.732+09:00  INFO 10424 --- [asiana-clone] [main] com.zaxxer.hikari.HikariDataSource       : HikariPool-1 - Starting...
2025-10-14T17:16:45.882+09:00  INFO 10424 --- [asiana-clone] [main] com.zaxxer.hikari.pool.HikariPool        : HikariPool-1 - Added connection org.postgresql.jdbc.PgConnection@2dd1086
2025-10-14T17:16:45.892+09:00  INFO 10424 --- [asiana-clone] [main] com.zaxxer.hikari.HikariDataSource       : HikariPool-1 - Start completed.
2025-10-14T17:16:46.096+09:00  INFO 10424 --- [asiana-clone] [main] o.s.b.w.embedded.tomcat.TomcatWebServer  : Tomcat started on port 8080 (http) with context path '/'
2025-10-14T17:16:46.102+09:00  INFO 10424 --- [asiana-clone] [main] c.a.asiana_clone.AsianaCloneApplication  : Started AsianaCloneApplication in 2.536 seconds (process running for 2.826)
2025-10-14T17:16:54.430+09:00  INFO 10424 --- [asiana-clone] [http-nio-8080-exec-1] o.a.c.c.C.[Tomcat].[localhost].[/]       : Initializing Spring DispatcherServlet 'dispatcherServlet'
2025-10-14T17:16:54.432+09:00  INFO 10424 --- [asiana-clone] [http-nio-8080-exec-1] o.s.web.servlet.DispatcherServlet        : Initializing Servlet 'dispatcherServlet'
2025-10-14T17:16:54.433+09:00  INFO 10424 --- [asiana-clone] [http-nio-8080-exec-1] o.s.web.servlet.DispatcherServlet        : Completed initialization in 1 ms
2025-10-14T17:16:54.480+09:00  INFO 10424 --- [asiana-clone] [http-nio-8080-exec-1] c.a.a.f.controller.FlightController      : 진입
2025-10-14T17:16:54.480+09:00  INFO 10424 --- [asiana-clone] [http-nio-8080-exec-1] c.a.a.f.controller.FlightController      : FlightRequestDto{from='ㅁㅁ', to='ㅁㅁ', departureDate=2025-10-08}
2025-10-14T17:16:57.556+09:00  INFO 10424 --- [asiana-clone] [http-nio-8080-exec-3] c.a.a.f.controller.FlightController      : 진입
2025-10-14T17:16:57.557+09:00  INFO 10424 --- [asiana-clone] [http-nio-8080-exec-3] c.a.a.f.controller.FlightController      : FlightRequestDto{from='서울', to='도쿄', departureDate=null}
2025-10-14T17:16:58.205+09:00  INFO 10424 --- [asiana-clone] [http-nio-8080-exec-5] c.a.a.f.controller.FlightController      : 진입
2025-10-14T17:16:58.206+09:00  INFO 10424 --- [asiana-clone] [http-nio-8080-exec-5] c.a.a.f.controller.FlightController      : FlightRequestDto{from='', to='', departureDate=null}
2025-10-14T17:17:04.540+09:00  INFO 10424 --- [asiana-clone] [http-nio-8080-exec-7] c.a.a.f.controller.FlightController      : 진입
2025-10-14T17:17:04.540+09:00  INFO 10424 --- [asiana-clone] [http-nio-8080-exec-7] c.a.a.f.controller.FlightController      : FlightRequestDto{from='', to='', departureDate=null}
2025-10-14T17:17:28.892+09:00  INFO 10424 --- [asiana-clone] [SpringApplicationShutdownHook] o.s.b.w.e.tomcat.GracefulShutdown        : Commencing graceful shutdown. Waiting for active requests to complete
2025-10-14T17:17:28.895+09:00  INFO 10424 --- [asiana-clone] [tomcat-shutdown] o.s.b.w.e.tomcat.GracefulShutdown        : Graceful shutdown complete
2025-10-14T17:17:28.897+09:00  INFO 10424 --- [asiana-clone] [SpringApplicationShutdownHook] com.zaxxer.hikari.HikariDataSource       : HikariPool-1 - Shutdown initiated...
2025-10-14T17:17:28.901+09:00  INFO 10424 --- [asiana-clone] [SpringApplicationShutdownHook] com.zaxxer.hikari.HikariDataSource       : HikariPool-1 - Shutdown completed.
2025-10-14T17:17:32.070+09:00  INFO 10704 --- [asiana-clone] [main] c.a.asiana_clone.AsianaCloneApplication  : Starting AsianaCloneApplication using Java 21.0.8 with PID 10704 (E:\Study\socar-map-clone-api\asiana-clone\out\production\classes started by 유현준 in E:\Study\socar-map-clone-api\asiana-clone)
2025-10-14T17:17:32.073+09:00  INFO 10704 --- [asiana-clone] [main] c.a.asiana_clone.AsianaCloneApplication  : No active profile set, falling back to 1 default profile: "default"
2025-10-14T17:17:32.721+09:00  INFO 10704 --- [asiana-clone] [main] .s.d.r.c.RepositoryConfigurationDelegate : Bootstrapping Spring Data JDBC repositories in DEFAULT mode.
2025-10-14T17:17:32.733+09:00  INFO 10704 --- [asiana-clone] [main] .s.d.r.c.RepositoryConfigurationDelegate : Finished Spring Data repository scanning in 5 ms. Found 0 JDBC repository interfaces.
2025-10-14T17:17:32.829+09:00  WARN 10704 --- [asiana-clone] [main] o.m.s.mapper.ClassPathMapperScanner      : No MyBatis mapper was found in '[clone.asiana.asiana_clone]' package. Please check your configuration.
2025-10-14T17:17:33.159+09:00  INFO 10704 --- [asiana-clone] [main] o.s.b.w.embedded.tomcat.TomcatWebServer  : Tomcat initialized with port 8080 (http)
2025-10-14T17:17:33.170+09:00  INFO 10704 --- [asiana-clone] [main] o.apache.catalina.core.StandardService   : Starting service [Tomcat]
2025-10-14T17:17:33.171+09:00  INFO 10704 --- [asiana-clone] [main] o.apache.catalina.core.StandardEngine    : Starting Servlet engine: [Apache Tomcat/10.1.46]
2025-10-14T17:17:33.212+09:00  INFO 10704 --- [asiana-clone] [main] o.a.c.c.C.[Tomcat].[localhost].[/]       : Initializing Spring embedded WebApplicationContext
2025-10-14T17:17:33.212+09:00  INFO 10704 --- [asiana-clone] [main] w.s.c.ServletWebServerApplicationContext : Root WebApplicationContext: initialization completed in 1078 ms
2025-10-14T17:17:33.361+09:00  INFO 10704 --- [asiana-clone] [main] o.s.b.a.w.s.WelcomePageHandlerMapping    : Adding welcome page template: index
2025-10-14T17:17:33.759+09:00  INFO 10704 --- [asiana-clone] [main] com.zaxxer.hikari.HikariDataSource       : HikariPool-1 - Starting...
2025-10-14T17:17:33.948+09:00  INFO 10704 --- [asiana-clone] [main] com.zaxxer.hikari.pool.HikariPool        : HikariPool-1 - Added connection org.postgresql.jdbc.PgConnection@51cab489
2025-10-14T17:17:33.949+09:00  INFO 10704 --- [asiana-clone] [main] com.zaxxer.hikari.HikariDataSource       : HikariPool-1 - Start completed.
2025-10-14T17:17:34.181+09:00  INFO 10704 --- [asiana-clone] [main] o.s.b.w.embedded.tomcat.TomcatWebServer  : Tomcat started on port 8080 (http) with context path '/'
2025-10-14T17:17:34.191+09:00  INFO 10704 --- [asiana-clone] [main] c.a.asiana_clone.AsianaCloneApplication  : Started AsianaCloneApplication in 2.565 seconds (process running for 2.856)
2025-10-14T17:17:36.450+09:00  INFO 10704 --- [asiana-clone] [http-nio-8080-exec-1] o.a.c.c.C.[Tomcat].[localhost].[/]       : Initializing Spring DispatcherServlet 'dispatcherServlet'
2025-10-14T17:17:36.451+09:00  INFO 10704 --- [asiana-clone] [http-nio-8080-exec-1] o.s.web.servlet.DispatcherServlet        : Initializing Servlet 'dispatcherServlet'
2025-10-14T17:17:36.451+09:00  INFO 10704 --- [asiana-clone] [http-nio-8080-exec-1] o.s.web.servlet.DispatcherServlet        : Completed initialization in 0 ms
2025-10-14T17:17:36.500+09:00  INFO 10704 --- [asiana-clone] [http-nio-8080-exec-1] c.a.a.f.controller.FlightController      : 진입
2025-10-14T17:17:36.501+09:00  INFO 10704 --- [asiana-clone] [http-nio-8080-exec-1] c.a.a.f.controller.FlightController      : 5
2025-10-14T17:20:00.619+09:00  INFO 10704 --- [asiana-clone] [SpringApplicationShutdownHook] o.s.b.w.e.tomcat.GracefulShutdown        : Commencing graceful shutdown. Waiting for active requests to complete
2025-10-14T17:20:00.627+09:00  INFO 10704 --- [asiana-clone] [tomcat-shutdown] o.s.b.w.e.tomcat.GracefulShutdown        : Graceful shutdown complete
2025-10-14T17:20:00.627+09:00  INFO 10704 --- [asiana-clone] [SpringApplicationShutdownHook] com.zaxxer.hikari.HikariDataSource       : HikariPool-1 - Shutdown initiated...
2025-10-14T17:20:00.627+09:00  INFO 10704 --- [asiana-clone] [SpringApplicationShutdownHook] com.zaxxer.hikari.HikariDataSource       : HikariPool-1 - Shutdown completed.
2025-10-14T17:20:03.247+09:00  INFO 8680 --- [asiana-clone] [main] c.a.asiana_clone.AsianaCloneApplication  : Starting AsianaCloneApplication using Java 21.0.8 with PID 8680 (E:\Study\socar-map-clone-api\asiana-clone\out\production\classes started by 유현준 in E:\Study\socar-map-clone-api\asiana-clone)
2025-10-14T17:20:03.251+09:00  INFO 8680 --- [asiana-clone] [main] c.a.asiana_clone.AsianaCloneApplication  : No active profile set, falling back to 1 default profile: "default"
2025-10-14T17:20:03.983+09:00  INFO 8680 --- [asiana-clone] [main] .s.d.r.c.RepositoryConfigurationDelegate : Bootstrapping Spring Data JDBC repositories in DEFAULT mode.
2025-10-14T17:20:03.998+09:00  INFO 8680 --- [asiana-clone] [main] .s.d.r.c.RepositoryConfigurationDelegate : Finished Spring Data repository scanning in 7 ms. Found 0 JDBC repository interfaces.
2025-10-14T17:20:04.097+09:00  WARN 8680 --- [asiana-clone] [main] o.m.s.mapper.ClassPathMapperScanner      : No MyBatis mapper was found in '[clone.asiana.asiana_clone]' package. Please check your configuration.
2025-10-14T17:20:04.417+09:00  INFO 8680 --- [asiana-clone] [main] o.s.b.w.embedded.tomcat.TomcatWebServer  : Tomcat initialized with port 8080 (http)
2025-10-14T17:20:04.427+09:00  INFO 8680 --- [asiana-clone] [main] o.apache.catalina.core.StandardService   : Starting service [Tomcat]
2025-10-14T17:20:04.427+09:00  INFO 8680 --- [asiana-clone] [main] o.apache.catalina.core.StandardEngine    : Starting Servlet engine: [Apache Tomcat/10.1.46]
2025-10-14T17:20:04.467+09:00  INFO 8680 --- [asiana-clone] [main] o.a.c.c.C.[Tomcat].[localhost].[/]       : Initializing Spring embedded WebApplicationContext
2025-10-14T17:20:04.467+09:00  INFO 8680 --- [asiana-clone] [main] w.s.c.ServletWebServerApplicationContext : Root WebApplicationContext: initialization completed in 1156 ms
2025-10-14T17:20:04.609+09:00  INFO 8680 --- [asiana-clone] [main] o.s.b.a.w.s.WelcomePageHandlerMapping    : Adding welcome page template: index
2025-10-14T17:20:05.007+09:00  INFO 8680 --- [asiana-clone] [main] com.zaxxer.hikari.HikariDataSource       : HikariPool-1 - Starting...
2025-10-14T17:20:05.150+09:00  INFO 8680 --- [asiana-clone] [main] com.zaxxer.hikari.pool.HikariPool        : HikariPool-1 - Added connection org.postgresql.jdbc.PgConnection@697a0948
2025-10-14T17:20:05.150+09:00  INFO 8680 --- [asiana-clone] [main] com.zaxxer.hikari.HikariDataSource       : HikariPool-1 - Start completed.
2025-10-14T17:20:05.362+09:00  INFO 8680 --- [asiana-clone] [main] o.s.b.w.embedded.tomcat.TomcatWebServer  : Tomcat started on port 8080 (http) with context path '/'
2025-10-14T17:20:05.367+09:00  INFO 8680 --- [asiana-clone] [main] c.a.asiana_clone.AsianaCloneApplication  : Started AsianaCloneApplication in 2.6 seconds (process running for 2.886)
2025-10-14T17:20:10.890+09:00  INFO 8680 --- [asiana-clone] [http-nio-8080-exec-1] o.a.c.c.C.[Tomcat].[localhost].[/]       : Initializing Spring DispatcherServlet 'dispatcherServlet'
2025-10-14T17:20:10.890+09:00  INFO 8680 --- [asiana-clone] [http-nio-8080-exec-1] o.s.web.servlet.DispatcherServlet        : Initializing Servlet 'dispatcherServlet'
2025-10-14T17:20:10.892+09:00  INFO 8680 --- [asiana-clone] [http-nio-8080-exec-1] o.s.web.servlet.DispatcherServlet        : Completed initialization in 0 ms
2025-10-14T17:33:23.779+09:00  INFO 8680 --- [asiana-clone] [SpringApplicationShutdownHook] o.s.b.w.e.tomcat.GracefulShutdown        : Commencing graceful shutdown. Waiting for active requests to complete
2025-10-14T17:33:23.784+09:00  INFO 8680 --- [asiana-clone] [tomcat-shutdown] o.s.b.w.e.tomcat.GracefulShutdown        : Graceful shutdown complete
2025-10-14T17:33:23.786+09:00  INFO 8680 --- [asiana-clone] [SpringApplicationShutdownHook] com.zaxxer.hikari.HikariDataSource       : HikariPool-1 - Shutdown initiated...
2025-10-14T17:33:23.789+09:00  INFO 8680 --- [asiana-clone] [SpringApplicationShutdownHook] com.zaxxer.hikari.HikariDataSource       : HikariPool-1 - Shutdown completed.
2025-10-14T17:33:26.988+09:00  INFO 8940 --- [asiana-clone] [main] c.a.asiana_clone.AsianaCloneApplication  : Starting AsianaCloneApplication using Java 21.0.8 with PID 8940 (E:\Study\socar-map-clone-api\asiana-clone\out\production\classes started by 유현준 in E:\Study\socar-map-clone-api\asiana-clone)
2025-10-14T17:33:26.991+09:00  INFO 8940 --- [asiana-clone] [main] c.a.asiana_clone.AsianaCloneApplication  : No active profile set, falling back to 1 default profile: "default"
2025-10-14T17:33:27.669+09:00  INFO 8940 --- [asiana-clone] [main] .s.d.r.c.RepositoryConfigurationDelegate : Bootstrapping Spring Data JDBC repositories in DEFAULT mode.
2025-10-14T17:33:27.683+09:00  INFO 8940 --- [asiana-clone] [main] .s.d.r.c.RepositoryConfigurationDelegate : Finished Spring Data repository scanning in 5 ms. Found 0 JDBC repository interfaces.
2025-10-14T17:33:27.778+09:00  WARN 8940 --- [asiana-clone] [main] o.m.s.mapper.ClassPathMapperScanner      : No MyBatis mapper was found in '[clone.asiana.asiana_clone]' package. Please check your configuration.
2025-10-14T17:33:28.122+09:00  INFO 8940 --- [asiana-clone] [main] o.s.b.w.embedded.tomcat.TomcatWebServer  : Tomcat initialized with port 8080 (http)
2025-10-14T17:33:28.137+09:00  INFO 8940 --- [asiana-clone] [main] o.apache.catalina.core.StandardService   : Starting service [Tomcat]
2025-10-14T17:33:28.137+09:00  INFO 8940 --- [asiana-clone] [main] o.apache.catalina.core.StandardEngine    : Starting Servlet engine: [Apache Tomcat/10.1.46]
2025-10-14T17:33:28.179+09:00  INFO 8940 --- [asiana-clone] [main] o.a.c.c.C.[Tomcat].[localhost].[/]       : Initializing Spring embedded WebApplicationContext
2025-10-14T17:33:28.179+09:00  INFO 8940 --- [asiana-clone] [main] w.s.c.ServletWebServerApplicationContext : Root WebApplicationContext: initialization completed in 1125 ms
2025-10-14T17:33:28.342+09:00  INFO 8940 --- [asiana-clone] [main] o.s.b.a.w.s.WelcomePageHandlerMapping    : Adding welcome page template: index
2025-10-14T17:33:28.765+09:00  INFO 8940 --- [asiana-clone] [main] com.zaxxer.hikari.HikariDataSource       : HikariPool-1 - Starting...
2025-10-14T17:33:28.909+09:00  INFO 8940 --- [asiana-clone] [main] com.zaxxer.hikari.pool.HikariPool        : HikariPool-1 - Added connection org.postgresql.jdbc.PgConnection@22a260ff
2025-10-14T17:33:28.910+09:00  INFO 8940 --- [asiana-clone] [main] com.zaxxer.hikari.HikariDataSource       : HikariPool-1 - Start completed.
2025-10-14T17:33:29.111+09:00  INFO 8940 --- [asiana-clone] [main] o.s.b.w.embedded.tomcat.TomcatWebServer  : Tomcat started on port 8080 (http) with context path '/'
2025-10-14T17:33:29.118+09:00  INFO 8940 --- [asiana-clone] [main] c.a.asiana_clone.AsianaCloneApplication  : Started AsianaCloneApplication in 2.572 seconds (process running for 2.865)
2025-10-14T17:33:33.320+09:00  INFO 8940 --- [asiana-clone] [http-nio-8080-exec-1] o.a.c.c.C.[Tomcat].[localhost].[/]       : Initializing Spring DispatcherServlet 'dispatcherServlet'
2025-10-14T17:33:33.320+09:00  INFO 8940 --- [asiana-clone] [http-nio-8080-exec-1] o.s.web.servlet.DispatcherServlet        : Initializing Servlet 'dispatcherServlet'
2025-10-14T17:33:33.321+09:00  INFO 8940 --- [asiana-clone] [http-nio-8080-exec-1] o.s.web.servlet.DispatcherServlet        : Completed initialization in 1 ms
2025-10-14T17:33:33.340+09:00  WARN 8940 --- [asiana-clone] [http-nio-8080-exec-1] .w.s.m.s.DefaultHandlerExceptionResolver : Resolved [org.springframework.web.HttpRequestMethodNotSupportedException: Request method 'GET' is not supported]
2025-10-14T17:33:34.237+09:00  WARN 8940 --- [asiana-clone] [http-nio-8080-exec-2] .w.s.m.s.DefaultHandlerExceptionResolver : Resolved [org.springframework.web.HttpRequestMethodNotSupportedException: Request method 'GET' is not supported]
2025-10-14T17:35:31.295+09:00  INFO 8940 --- [asiana-clone] [SpringApplicationShutdownHook] o.s.b.w.e.tomcat.GracefulShutdown        : Commencing graceful shutdown. Waiting for active requests to complete
2025-10-14T17:35:31.301+09:00  INFO 8940 --- [asiana-clone] [tomcat-shutdown] o.s.b.w.e.tomcat.GracefulShutdown        : Graceful shutdown complete
2025-10-14T17:35:31.305+09:00  INFO 8940 --- [asiana-clone] [SpringApplicationShutdownHook] com.zaxxer.hikari.HikariDataSource       : HikariPool-1 - Shutdown initiated...
2025-10-14T17:35:31.308+09:00  INFO 8940 --- [asiana-clone] [SpringApplicationShutdownHook] com.zaxxer.hikari.HikariDataSource       : HikariPool-1 - Shutdown completed.
2025-10-14T17:35:34.017+09:00  INFO 5572 --- [asiana-clone] [main] c.a.asiana_clone.AsianaCloneApplication  : Starting AsianaCloneApplication using Java 21.0.8 with PID 5572 (E:\Study\socar-map-clone-api\asiana-clone\out\production\classes started by 유현준 in E:\Study\socar-map-clone-api\asiana-clone)
2025-10-14T17:35:34.020+09:00  INFO 5572 --- [asiana-clone] [main] c.a.asiana_clone.AsianaCloneApplication  : No active profile set, falling back to 1 default profile: "default"
2025-10-14T17:35:34.713+09:00  INFO 5572 --- [asiana-clone] [main] .s.d.r.c.RepositoryConfigurationDelegate : Bootstrapping Spring Data JDBC repositories in DEFAULT mode.
2025-10-14T17:35:34.725+09:00  INFO 5572 --- [asiana-clone] [main] .s.d.r.c.RepositoryConfigurationDelegate : Finished Spring Data repository scanning in 6 ms. Found 0 JDBC repository interfaces.
2025-10-14T17:35:34.835+09:00  WARN 5572 --- [asiana-clone] [main] o.m.s.mapper.ClassPathMapperScanner      : No MyBatis mapper was found in '[clone.asiana.asiana_clone]' package. Please check your configuration.
2025-10-14T17:35:35.155+09:00  INFO 5572 --- [asiana-clone] [main] o.s.b.w.embedded.tomcat.TomcatWebServer  : Tomcat initialized with port 8080 (http)
2025-10-14T17:35:35.166+09:00  INFO 5572 --- [asiana-clone] [main] o.apache.catalina.core.StandardService   : Starting service [Tomcat]
2025-10-14T17:35:35.166+09:00  INFO 5572 --- [asiana-clone] [main] o.apache.catalina.core.StandardEngine    : Starting Servlet engine: [Apache Tomcat/10.1.46]
2025-10-14T17:35:35.203+09:00  INFO 5572 --- [asiana-clone] [main] o.a.c.c.C.[Tomcat].[localhost].[/]       : Initializing Spring embedded WebApplicationContext
2025-10-14T17:35:35.203+09:00  INFO 5572 --- [asiana-clone] [main] w.s.c.ServletWebServerApplicationContext : Root WebApplicationContext: initialization completed in 1120 ms
2025-10-14T17:35:35.349+09:00  INFO 5572 --- [asiana-clone] [main] o.s.b.a.w.s.WelcomePageHandlerMapping    : Adding welcome page template: index
2025-10-14T17:35:35.790+09:00  INFO 5572 --- [asiana-clone] [main] com.zaxxer.hikari.HikariDataSource       : HikariPool-1 - Starting...
2025-10-14T17:35:35.970+09:00  INFO 5572 --- [asiana-clone] [main] com.zaxxer.hikari.pool.HikariPool        : HikariPool-1 - Added connection org.postgresql.jdbc.PgConnection@51cab489
2025-10-14T17:35:35.970+09:00  INFO 5572 --- [asiana-clone] [main] com.zaxxer.hikari.HikariDataSource       : HikariPool-1 - Start completed.
2025-10-14T17:35:36.176+09:00  INFO 5572 --- [asiana-clone] [main] o.s.b.w.embedded.tomcat.TomcatWebServer  : Tomcat started on port 8080 (http) with context path '/'
2025-10-14T17:35:36.185+09:00  INFO 5572 --- [asiana-clone] [main] c.a.asiana_clone.AsianaCloneApplication  : Started AsianaCloneApplication in 2.624 seconds (process running for 2.913)
2025-10-14T17:35:42.412+09:00  INFO 5572 --- [asiana-clone] [http-nio-8080-exec-1] o.a.c.c.C.[Tomcat].[localhost].[/]       : Initializing Spring DispatcherServlet 'dispatcherServlet'
2025-10-14T17:35:42.413+09:00  INFO 5572 --- [asiana-clone] [http-nio-8080-exec-1] o.s.web.servlet.DispatcherServlet        : Initializing Servlet 'dispatcherServlet'
2025-10-14T17:35:42.414+09:00  INFO 5572 --- [asiana-clone] [http-nio-8080-exec-1] o.s.web.servlet.DispatcherServlet        : Completed initialization in 1 ms
2025-10-14T17:35:42.433+09:00  WARN 5572 --- [asiana-clone] [http-nio-8080-exec-1] .w.s.m.s.DefaultHandlerExceptionResolver : Resolved [org.springframework.web.HttpRequestMethodNotSupportedException: Request method 'GET' is not supported]
2025-10-14T17:35:43.097+09:00  WARN 5572 --- [asiana-clone] [http-nio-8080-exec-3] .w.s.m.s.DefaultHandlerExceptionResolver : Resolved [org.springframework.web.HttpRequestMethodNotSupportedException: Request method 'GET' is not supported]
2025-10-14T17:36:35.273+09:00  INFO 5572 --- [asiana-clone] [SpringApplicationShutdownHook] o.s.b.w.e.tomcat.GracefulShutdown        : Commencing graceful shutdown. Waiting for active requests to complete
2025-10-14T17:36:35.273+09:00  INFO 5572 --- [asiana-clone] [tomcat-shutdown] o.s.b.w.e.tomcat.GracefulShutdown        : Graceful shutdown complete
2025-10-14T17:36:35.288+09:00  INFO 5572 --- [asiana-clone] [SpringApplicationShutdownHook] com.zaxxer.hikari.HikariDataSource       : HikariPool-1 - Shutdown initiated...
2025-10-14T17:36:35.291+09:00  INFO 5572 --- [asiana-clone] [SpringApplicationShutdownHook] com.zaxxer.hikari.HikariDataSource       : HikariPool-1 - Shutdown completed.
2025-10-14T17:36:38.090+09:00  INFO 6072 --- [asiana-clone] [main] c.a.asiana_clone.AsianaCloneApplication  : Starting AsianaCloneApplication using Java 21.0.8 with PID 6072 (E:\Study\socar-map-clone-api\asiana-clone\out\production\classes started by 유현준 in E:\Study\socar-map-clone-api\asiana-clone)
2025-10-14T17:36:38.097+09:00  INFO 6072 --- [asiana-clone] [main] c.a.asiana_clone.AsianaCloneApplication  : No active profile set, falling back to 1 default profile: "default"
2025-10-14T17:36:38.888+09:00  INFO 6072 --- [asiana-clone] [main] .s.d.r.c.RepositoryConfigurationDelegate : Bootstrapping Spring Data JDBC repositories in DEFAULT mode.
2025-10-14T17:36:38.903+09:00  INFO 6072 --- [asiana-clone] [main] .s.d.r.c.RepositoryConfigurationDelegate : Finished Spring Data repository scanning in 7 ms. Found 0 JDBC repository interfaces.
2025-10-14T17:36:39.014+09:00  WARN 6072 --- [asiana-clone] [main] o.m.s.mapper.ClassPathMapperScanner      : No MyBatis mapper was found in '[clone.asiana.asiana_clone]' package. Please check your configuration.
2025-10-14T17:36:39.356+09:00  INFO 6072 --- [asiana-clone] [main] o.s.b.w.embedded.tomcat.TomcatWebServer  : Tomcat initialized with port 8080 (http)
2025-10-14T17:36:39.366+09:00  INFO 6072 --- [asiana-clone] [main] o.apache.catalina.core.StandardService   : Starting service [Tomcat]
2025-10-14T17:36:39.366+09:00  INFO 6072 --- [asiana-clone] [main] o.apache.catalina.core.StandardEngine    : Starting Servlet engine: [Apache Tomcat/10.1.46]
2025-10-14T17:36:39.418+09:00  INFO 6072 --- [asiana-clone] [main] o.a.c.c.C.[Tomcat].[localhost].[/]       : Initializing Spring embedded WebApplicationContext
2025-10-14T17:36:39.418+09:00  INFO 6072 --- [asiana-clone] [main] w.s.c.ServletWebServerApplicationContext : Root WebApplicationContext: initialization completed in 1250 ms
2025-10-14T17:36:39.576+09:00  INFO 6072 --- [asiana-clone] [main] o.s.b.a.w.s.WelcomePageHandlerMapping    : Adding welcome page template: index
2025-10-14T17:36:40.045+09:00  INFO 6072 --- [asiana-clone] [main] com.zaxxer.hikari.HikariDataSource       : HikariPool-1 - Starting...
2025-10-14T17:36:40.234+09:00  INFO 6072 --- [asiana-clone] [main] com.zaxxer.hikari.pool.HikariPool        : HikariPool-1 - Added connection org.postgresql.jdbc.PgConnection@6b8d54da
2025-10-14T17:36:40.234+09:00  INFO 6072 --- [asiana-clone] [main] com.zaxxer.hikari.HikariDataSource       : HikariPool-1 - Start completed.
2025-10-14T17:36:40.462+09:00  INFO 6072 --- [asiana-clone] [main] o.s.b.w.embedded.tomcat.TomcatWebServer  : Tomcat started on port 8080 (http) with context path '/'
2025-10-14T17:36:40.470+09:00  INFO 6072 --- [asiana-clone] [main] c.a.asiana_clone.AsianaCloneApplication  : Started AsianaCloneApplication in 2.988 seconds (process running for 3.328)
2025-10-14T17:36:55.552+09:00  INFO 6072 --- [asiana-clone] [http-nio-8080-exec-1] o.a.c.c.C.[Tomcat].[localhost].[/]       : Initializing Spring DispatcherServlet 'dispatcherServlet'
2025-10-14T17:36:55.552+09:00  INFO 6072 --- [asiana-clone] [http-nio-8080-exec-1] o.s.web.servlet.DispatcherServlet        : Initializing Servlet 'dispatcherServlet'
2025-10-14T17:36:55.553+09:00  INFO 6072 --- [asiana-clone] [http-nio-8080-exec-1] o.s.web.servlet.DispatcherServlet        : Completed initialization in 1 ms
2025-10-14T17:38:57.526+09:00  INFO 6072 --- [asiana-clone] [SpringApplicationShutdownHook] o.s.b.w.e.tomcat.GracefulShutdown        : Commencing graceful shutdown. Waiting for active requests to complete
2025-10-14T17:38:57.531+09:00  INFO 6072 --- [asiana-clone] [tomcat-shutdown] o.s.b.w.e.tomcat.GracefulShutdown        : Graceful shutdown complete
2025-10-14T17:38:57.533+09:00  INFO 6072 --- [asiana-clone] [SpringApplicationShutdownHook] com.zaxxer.hikari.HikariDataSource       : HikariPool-1 - Shutdown initiated...
2025-10-14T17:38:57.535+09:00  INFO 6072 --- [asiana-clone] [SpringApplicationShutdownHook] com.zaxxer.hikari.HikariDataSource       : HikariPool-1 - Shutdown completed.
2025-10-14T17:39:00.270+09:00  INFO 5752 --- [asiana-clone] [main] c.a.asiana_clone.AsianaCloneApplication  : Starting AsianaCloneApplication using Java 21.0.8 with PID 5752 (E:\Study\socar-map-clone-api\asiana-clone\out\production\classes started by 유현준 in E:\Study\socar-map-clone-api\asiana-clone)
2025-10-14T17:39:00.273+09:00  INFO 5752 --- [asiana-clone] [main] c.a.asiana_clone.AsianaCloneApplication  : No active profile set, falling back to 1 default profile: "default"
2025-10-14T17:39:01.007+09:00  INFO 5752 --- [asiana-clone] [main] .s.d.r.c.RepositoryConfigurationDelegate : Bootstrapping Spring Data JDBC repositories in DEFAULT mode.
2025-10-14T17:39:01.024+09:00  INFO 5752 --- [asiana-clone] [main] .s.d.r.c.RepositoryConfigurationDelegate : Finished Spring Data repository scanning in 7 ms. Found 0 JDBC repository interfaces.
2025-10-14T17:39:01.119+09:00  WARN 5752 --- [asiana-clone] [main] o.m.s.mapper.ClassPathMapperScanner      : No MyBatis mapper was found in '[clone.asiana.asiana_clone]' package. Please check your configuration.
2025-10-14T17:39:01.475+09:00  INFO 5752 --- [asiana-clone] [main] o.s.b.w.embedded.tomcat.TomcatWebServer  : Tomcat initialized with port 8080 (http)
2025-10-14T17:39:01.489+09:00  INFO 5752 --- [asiana-clone] [main] o.apache.catalina.core.StandardService   : Starting service [Tomcat]
2025-10-14T17:39:01.490+09:00  INFO 5752 --- [asiana-clone] [main] o.apache.catalina.core.StandardEngine    : Starting Servlet engine: [Apache Tomcat/10.1.46]
2025-10-14T17:39:01.541+09:00  INFO 5752 --- [asiana-clone] [main] o.a.c.c.C.[Tomcat].[localhost].[/]       : Initializing Spring embedded WebApplicationContext
2025-10-14T17:39:01.541+09:00  INFO 5752 --- [asiana-clone] [main] w.s.c.ServletWebServerApplicationContext : Root WebApplicationContext: initialization completed in 1195 ms
2025-10-14T17:39:01.717+09:00  INFO 5752 --- [asiana-clone] [main] o.s.b.a.w.s.WelcomePageHandlerMapping    : Adding welcome page template: index
2025-10-14T17:39:02.164+09:00  INFO 5752 --- [asiana-clone] [main] com.zaxxer.hikari.HikariDataSource       : HikariPool-1 - Starting...
2025-10-14T17:39:02.316+09:00  INFO 5752 --- [asiana-clone] [main] com.zaxxer.hikari.pool.HikariPool        : HikariPool-1 - Added connection org.postgresql.jdbc.PgConnection@51cab489
2025-10-14T17:39:02.317+09:00  INFO 5752 --- [asiana-clone] [main] com.zaxxer.hikari.HikariDataSource       : HikariPool-1 - Start completed.
2025-10-14T17:39:02.534+09:00  INFO 5752 --- [asiana-clone] [main] o.s.b.w.embedded.tomcat.TomcatWebServer  : Tomcat started on port 8080 (http) with context path '/'
2025-10-14T17:39:02.542+09:00  INFO 5752 --- [asiana-clone] [main] c.a.asiana_clone.AsianaCloneApplication  : Started AsianaCloneApplication in 2.763 seconds (process running for 3.066)
2025-10-14T17:39:03.707+09:00  INFO 5752 --- [asiana-clone] [http-nio-8080-exec-1] o.a.c.c.C.[Tomcat].[localhost].[/]       : Initializing Spring DispatcherServlet 'dispatcherServlet'
2025-10-14T17:39:03.708+09:00  INFO 5752 --- [asiana-clone] [http-nio-8080-exec-1] o.s.web.servlet.DispatcherServlet        : Initializing Servlet 'dispatcherServlet'
2025-10-14T17:39:03.708+09:00  INFO 5752 --- [asiana-clone] [http-nio-8080-exec-1] o.s.web.servlet.DispatcherServlet        : Completed initialization in 0 ms
2025-10-14T17:41:16.293+09:00  INFO 5752 --- [asiana-clone] [SpringApplicationShutdownHook] o.s.b.w.e.tomcat.GracefulShutdown        : Commencing graceful shutdown. Waiting for active requests to complete
2025-10-14T17:41:16.308+09:00  INFO 5752 --- [asiana-clone] [tomcat-shutdown] o.s.b.w.e.tomcat.GracefulShutdown        : Graceful shutdown complete
2025-10-14T17:41:16.308+09:00  INFO 5752 --- [asiana-clone] [SpringApplicationShutdownHook] com.zaxxer.hikari.HikariDataSource       : HikariPool-1 - Shutdown initiated...
2025-10-14T17:41:16.315+09:00  INFO 5752 --- [asiana-clone] [SpringApplicationShutdownHook] com.zaxxer.hikari.HikariDataSource       : HikariPool-1 - Shutdown completed.
2025-10-14T17:41:18.890+09:00  INFO 10588 --- [asiana-clone] [main] c.a.asiana_clone.AsianaCloneApplication  : Starting AsianaCloneApplication using Java 21.0.8 with PID 10588 (E:\Study\socar-map-clone-api\asiana-clone\out\production\classes started by 유현준 in E:\Study\socar-map-clone-api\asiana-clone)
2025-10-14T17:41:18.890+09:00  INFO 10588 --- [asiana-clone] [main] c.a.asiana_clone.AsianaCloneApplication  : No active profile set, falling back to 1 default profile: "default"
2025-10-14T17:41:19.621+09:00  INFO 10588 --- [asiana-clone] [main] .s.d.r.c.RepositoryConfigurationDelegate : Bootstrapping Spring Data JDBC repositories in DEFAULT mode.
2025-10-14T17:41:19.636+09:00  INFO 10588 --- [asiana-clone] [main] .s.d.r.c.RepositoryConfigurationDelegate : Finished Spring Data repository scanning in 8 ms. Found 0 JDBC repository interfaces.
2025-10-14T17:41:19.747+09:00  WARN 10588 --- [asiana-clone] [main] o.m.s.mapper.ClassPathMapperScanner      : No MyBatis mapper was found in '[clone.asiana.asiana_clone]' package. Please check your configuration.
2025-10-14T17:41:20.044+09:00  INFO 10588 --- [asiana-clone] [main] o.s.b.w.embedded.tomcat.TomcatWebServer  : Tomcat initialized with port 8080 (http)
2025-10-14T17:41:20.060+09:00  INFO 10588 --- [asiana-clone] [main] o.apache.catalina.core.StandardService   : Starting service [Tomcat]
2025-10-14T17:41:20.060+09:00  INFO 10588 --- [asiana-clone] [main] o.apache.catalina.core.StandardEngine    : Starting Servlet engine: [Apache Tomcat/10.1.46]
2025-10-14T17:41:20.092+09:00  INFO 10588 --- [asiana-clone] [main] o.a.c.c.C.[Tomcat].[localhost].[/]       : Initializing Spring embedded WebApplicationContext
2025-10-14T17:41:20.092+09:00  INFO 10588 --- [asiana-clone] [main] w.s.c.ServletWebServerApplicationContext : Root WebApplicationContext: initialization completed in 1144 ms
2025-10-14T17:41:20.242+09:00  INFO 10588 --- [asiana-clone] [main] o.s.b.a.w.s.WelcomePageHandlerMapping    : Adding welcome page template: index
2025-10-14T17:41:20.678+09:00  INFO 10588 --- [asiana-clone] [main] com.zaxxer.hikari.HikariDataSource       : HikariPool-1 - Starting...
2025-10-14T17:41:20.837+09:00  INFO 10588 --- [asiana-clone] [main] com.zaxxer.hikari.pool.HikariPool        : HikariPool-1 - Added connection org.postgresql.jdbc.PgConnection@6b8d54da
2025-10-14T17:41:20.837+09:00  INFO 10588 --- [asiana-clone] [main] com.zaxxer.hikari.HikariDataSource       : HikariPool-1 - Start completed.
2025-10-14T17:41:21.060+09:00  INFO 10588 --- [asiana-clone] [main] o.s.b.w.embedded.tomcat.TomcatWebServer  : Tomcat started on port 8080 (http) with context path '/'
2025-10-14T17:41:21.060+09:00  INFO 10588 --- [asiana-clone] [main] c.a.asiana_clone.AsianaCloneApplication  : Started AsianaCloneApplication in 2.626 seconds (process running for 2.927)
2025-10-14T17:41:29.686+09:00  INFO 10588 --- [asiana-clone] [http-nio-8080-exec-1] o.a.c.c.C.[Tomcat].[localhost].[/]       : Initializing Spring DispatcherServlet 'dispatcherServlet'
2025-10-14T17:41:29.686+09:00  INFO 10588 --- [asiana-clone] [http-nio-8080-exec-1] o.s.web.servlet.DispatcherServlet        : Initializing Servlet 'dispatcherServlet'
2025-10-14T17:41:29.689+09:00  INFO 10588 --- [asiana-clone] [http-nio-8080-exec-1] o.s.web.servlet.DispatcherServlet        : Completed initialization in 3 ms
2025-10-14T17:53:53.246+09:00  INFO 10588 --- [asiana-clone] [SpringApplicationShutdownHook] o.s.b.w.e.tomcat.GracefulShutdown        : Commencing graceful shutdown. Waiting for active requests to complete
2025-10-14T17:53:53.255+09:00  INFO 10588 --- [asiana-clone] [tomcat-shutdown] o.s.b.w.e.tomcat.GracefulShutdown        : Graceful shutdown complete
2025-10-14T17:53:53.258+09:00  INFO 10588 --- [asiana-clone] [SpringApplicationShutdownHook] com.zaxxer.hikari.HikariDataSource       : HikariPool-1 - Shutdown initiated...
2025-10-14T17:53:53.266+09:00  INFO 10588 --- [asiana-clone] [SpringApplicationShutdownHook] com.zaxxer.hikari.HikariDataSource       : HikariPool-1 - Shutdown completed.
